2025-04-01 08:43:16 | ID 3 | trussel | x=-5.88696 y=34.1699 | hastighet=5.93374
2025-04-01 08:43:17 | ID 3 | trussel | x=-11.806 y=33.7528 | hastighet=5.93374
2025-04-01 08:43:18 | ID 3 | trussel | x=-17.7251 y=33.3358 | hastighet=5.93374
2025-04-01 08:43:19 | ID 3 | trussel | x=-23.6441 y=32.9187 | hastighet=5.93374
2025-04-01 08:43:20 | ID 3 | trussel | x=-29.5632 y=32.5016 | hastighet=5.93374
2025-04-01 08:43:21 | ID 3 | trussel | x=-35.4823 y=32.0845 | hastighet=5.93374
2025-04-01 08:43:22 | ID 3 | mistenkelig | x=-41.4013 y=31.6674 | hastighet=5.93374
2025-04-01 08:43:23 | ID 3 | mistenkelig | x=-47.3204 y=31.2503 | hastighet=5.93374
2025-04-01 08:43:24 | ID 3 | mistenkelig | x=-53.2395 y=30.8332 | hastighet=5.93374
2025-04-01 08:43:25 | ID 3 | mistenkelig | x=-59.1585 y=30.4161 | hastighet=5.93374
2025-04-01 08:43:26 | ID 3 | mistenkelig | x=-65.0776 y=29.9991 | hastighet=5.93374
2025-04-01 08:43:27 | ID 3 | mistenkelig | x=-70.9967 y=29.582 | hastighet=5.93374
2025-04-01 08:43:28 | ID 3 | mistenkelig | x=-76.9157 y=29.1649 | hastighet=5.93374
2025-04-01 08:43:29 | ID 3 | mistenkelig | x=-82.8348 y=28.7478 | hastighet=5.93374
2025-04-01 08:43:30 | ID 3 | mistenkelig | x=-88.7539 y=28.3307 | hastighet=5.93374
2025-04-01 08:43:31 | ID 3 | mistenkelig | x=-94.6729 y=27.9136 | hastighet=5.93374
2025-04-01 08:43:32 | ID 3 | mistenkelig | x=-100.592 y=27.4965 | hastighet=5.93374
2025-04-01 08:43:33 | ID 3 | mistenkelig | x=-106.511 y=27.0794 | hastighet=5.93374
2025-04-01 08:43:34 | ID 3 | mistenkelig | x=-112.43 y=26.6624 | hastighet=5.93374
2025-04-01 08:43:35 | ID 3 | mistenkelig | x=-118.349 y=26.2453 | hastighet=5.93374
2025-04-01 08:43:36 | ID 3 | mistenkelig | x=-124.268 y=25.8282 | hastighet=5.93374
2025-04-01 08:43:37 | ID 3 | mistenkelig | x=-130.187 y=25.4111 | hastighet=5.93374
2025-04-01 08:43:38 | ID 3 | mistenkelig | x=-136.106 y=24.994 | hastighet=5.93374
2025-04-01 08:43:39 | ID 3 | mistenkelig | x=-142.025 y=24.5769 | hastighet=5.93374
2025-04-01 08:43:40 | ID 3 | mistenkelig | x=-147.944 y=24.1598 | hastighet=5.93374
2025-04-01 08:43:41 | ID 3 | mistenkelig | x=-153.864 y=23.7427 | hastighet=5.93374
2025-04-01 08:43:42 | ID 3 | mistenkelig | x=-159.783 y=23.3257 | hastighet=5.93374
2025-04-01 08:43:43 | ID 3 | mistenkelig | x=-165.702 y=22.9086 | hastighet=5.93374
2025-04-01 08:43:44 | ID 3 | mistenkelig | x=-171.621 y=22.4915 | hastighet=5.93374
2025-04-01 08:43:45 | ID 3 | mistenkelig | x=-177.54 y=22.0744 | hastighet=5.93374
2025-04-01 08:46:16 | ID 1 | mistenkelig | x=41.6504 y=8.21186 | hastighet=2.05781 | vinkelMotBase=40.8067°
2025-04-01 08:46:16 | ID 4 | mistenkelig | x=70.7971 y=-85.187 | hastighet=5.51026 | vinkelMotBase=145.076°
2025-04-01 08:46:17 | ID 1 | mistenkelig | x=39.8621 y=9.22996 | hastighet=2.05781 | vinkelMotBase=42.6901°
2025-04-01 08:46:17 | ID 4 | mistenkelig | x=76.1109 y=-86.6454 | hastighet=5.51026 | vinkelMotBase=146.643°
2025-04-01 08:46:18 | ID 1 | mistenkelig | x=38.0738 y=10.2481 | hastighet=2.05781 | vinkelMotBase=44.7181°
2025-04-01 08:46:18 | ID 4 | mistenkelig | x=81.4247 y=-88.1037 | hastighet=5.51026 | vinkelMotBase=148.091°
2025-04-01 08:46:19 | ID 4 | mistenkelig | x=86.7384 y=-89.5621 | hastighet=5.51026 | vinkelMotBase=149.429°
2025-04-01 08:46:20 | ID 4 | mistenkelig | x=92.0522 y=-91.0204 | hastighet=5.51026 | vinkelMotBase=150.67°
2025-04-01 08:46:21 | ID 4 | mistenkelig | x=97.366 y=-92.4788 | hastighet=5.51026 | vinkelMotBase=151.821°
2025-04-01 08:46:22 | ID 4 | mistenkelig | x=102.68 y=-93.9371 | hastighet=5.51026 | vinkelMotBase=152.893°
2025-04-01 08:46:23 | ID 4 | mistenkelig | x=107.994 y=-95.3954 | hastighet=5.51026 | vinkelMotBase=153.891°
2025-04-01 08:46:24 | ID 4 | mistenkelig | x=113.307 y=-96.8538 | hastighet=5.51026 | vinkelMotBase=154.823°
2025-04-01 08:46:25 | ID 4 | mistenkelig | x=118.621 y=-98.3121 | hastighet=5.51026 | vinkelMotBase=155.695°
2025-04-01 08:46:26 | ID 4 | mistenkelig | x=123.935 y=-99.7705 | hastighet=5.51026 | vinkelMotBase=156.512°
2025-04-01 08:46:27 | ID 4 | mistenkelig | x=129.249 y=-101.229 | hastighet=5.51026 | vinkelMotBase=157.278°
2025-04-01 08:46:28 | ID 4 | mistenkelig | x=134.562 y=-102.687 | hastighet=5.51026 | vinkelMotBase=157.999°
2025-04-01 08:46:29 | ID 4 | mistenkelig | x=139.876 y=-104.146 | hastighet=5.51026 | vinkelMotBase=158.677°
2025-04-01 08:46:30 | ID 4 | mistenkelig | x=145.19 y=-105.604 | hastighet=5.51026 | vinkelMotBase=159.316°
2025-04-01 08:46:31 | ID 4 | mistenkelig | x=150.504 y=-107.062 | hastighet=5.51026 | vinkelMotBase=159.92°
2025-04-01 08:46:32 | ID 4 | mistenkelig | x=155.818 y=-108.521 | hastighet=5.51026 | vinkelMotBase=160.491°
2025-04-01 08:46:33 | ID 4 | mistenkelig | x=161.131 y=-109.979 | hastighet=5.51026 | vinkelMotBase=161.032°
2025-04-01 08:46:34 | ID 4 | mistenkelig | x=166.445 y=-111.437 | hastighet=5.51026 | vinkelMotBase=161.544°
2025-04-01 08:46:35 | ID 4 | mistenkelig | x=171.759 y=-112.896 | hastighet=5.51026 | vinkelMotBase=162.03°
2025-04-01 08:46:36 | ID 4 | mistenkelig | x=177.073 y=-114.354 | hastighet=5.51026 | vinkelMotBase=162.492°
2025-04-01 08:46:37 | ID 4 | mistenkelig | x=182.386 y=-115.812 | hastighet=5.51026 | vinkelMotBase=162.932°
2025-04-01 08:46:38 | ID 4 | mistenkelig | x=187.7 y=-117.271 | hastighet=5.51026 | vinkelMotBase=163.351°
2025-04-01 08:46:39 | ID 4 | mistenkelig | x=193.014 y=-118.729 | hastighet=5.51026 | vinkelMotBase=163.75°
2025-04-01 08:46:40 | ID 4 | mistenkelig | x=198.328 y=-120.187 | hastighet=5.51026 | vinkelMotBase=164.131°
2025-04-01 08:46:41 | ID 4 | mistenkelig | x=203.642 y=-121.646 | hastighet=5.51026 | vinkelMotBase=164.495°
2025-04-01 08:46:42 | ID 4 | mistenkelig | x=208.955 y=-123.104 | hastighet=5.51026 | vinkelMotBase=164.843°
2025-04-01 08:46:43 | ID 4 | mistenkelig | x=214.269 y=-124.562 | hastighet=5.51026 | vinkelMotBase=165.176°
2025-04-01 08:46:44 | ID 4 | mistenkelig | x=219.583 y=-126.021 | hastighet=5.51026 | vinkelMotBase=165.495°
2025-04-01 08:46:45 | ID 4 | mistenkelig | x=224.897 y=-127.479 | hastighet=5.51026 | vinkelMotBase=165.801°
2025-04-01 08:49:09 | ID 1 | mistenkelig | x=39.707 y=52.3052 | hastighet=5.05044
2025-04-01 08:49:09 | ID 3 | mistenkelig | x=64.2085 y=70.8717 | hastighet=5.37602
2025-04-01 08:49:10 | ID 1 | mistenkelig | x=42.7143 y=48.2477 | hastighet=5.05044
2025-04-01 08:49:10 | ID 3 | mistenkelig | x=64.483 y=65.5027 | hastighet=5.37602
2025-04-01 08:49:11 | ID 1 | mistenkelig | x=45.7216 y=44.1903 | hastighet=5.05044
2025-04-01 08:49:11 | ID 3 | mistenkelig | x=64.7574 y=60.1337 | hastighet=5.37602
2025-04-01 08:49:12 | ID 1 | mistenkelig | x=48.7289 y=40.1328 | hastighet=5.05044
2025-04-01 08:49:12 | ID 3 | mistenkelig | x=65.0318 y=54.7647 | hastighet=5.37602
2025-04-01 08:49:13 | ID 1 | mistenkelig | x=51.7361 y=36.0753 | hastighet=5.05044
2025-04-01 08:49:13 | ID 3 | mistenkelig | x=65.3063 y=49.3957 | hastighet=5.37602
2025-04-01 08:49:14 | ID 1 | mistenkelig | x=54.7434 y=32.0178 | hastighet=5.05044
2025-04-01 08:49:14 | ID 3 | mistenkelig | x=65.5807 y=44.0267 | hastighet=5.37602
2025-04-01 08:49:15 | ID 1 | mistenkelig | x=57.7507 y=27.9604 | hastighet=5.05044
2025-04-01 08:49:15 | ID 3 | mistenkelig | x=65.8551 y=38.6577 | hastighet=5.37602
2025-04-01 08:49:16 | ID 1 | mistenkelig | x=60.758 y=23.9029 | hastighet=5.05044
2025-04-01 08:49:16 | ID 3 | mistenkelig | x=66.1295 y=33.2886 | hastighet=5.37602
2025-04-01 08:49:17 | ID 1 | mistenkelig | x=63.7653 y=19.8454 | hastighet=5.05044
2025-04-01 08:49:17 | ID 3 | mistenkelig | x=66.404 y=27.9196 | hastighet=5.37602
2025-04-01 08:49:18 | ID 1 | mistenkelig | x=66.7726 y=15.7879 | hastighet=5.05044
2025-04-01 08:49:18 | ID 3 | mistenkelig | x=66.6784 y=22.5506 | hastighet=5.37602
2025-04-01 08:49:19 | ID 1 | mistenkelig | x=69.7799 y=11.7304 | hastighet=5.05044
2025-04-01 08:49:19 | ID 3 | mistenkelig | x=66.9528 y=17.1816 | hastighet=5.37602
2025-04-01 08:49:20 | ID 1 | mistenkelig | x=72.7872 y=7.67297 | hastighet=5.05044
2025-04-01 08:49:20 | ID 3 | mistenkelig | x=67.2273 y=11.8126 | hastighet=5.37602
2025-04-01 08:49:21 | ID 1 | mistenkelig | x=75.7945 y=3.61549 | hastighet=5.05044
2025-04-01 08:49:21 | ID 3 | mistenkelig | x=67.5017 y=6.44358 | hastighet=5.37602
2025-04-01 08:49:22 | ID 1 | mistenkelig | x=78.8017 y=-0.441989 | hastighet=5.05044
2025-04-01 08:49:22 | ID 3 | mistenkelig | x=67.7761 y=1.07456 | hastighet=5.37602
2025-04-01 08:49:23 | ID 1 | mistenkelig | x=81.809 y=-4.49947 | hastighet=5.05044
2025-04-01 08:49:23 | ID 3 | mistenkelig | x=68.0506 y=-4.29445 | hastighet=5.37602
2025-04-01 08:49:24 | ID 1 | mistenkelig | x=84.8163 y=-8.55694 | hastighet=5.05044
2025-04-01 08:49:24 | ID 3 | mistenkelig | x=68.325 y=-9.66346 | hastighet=5.37602
2025-04-01 08:49:25 | ID 1 | mistenkelig | x=87.8236 y=-12.6144 | hastighet=5.05044
2025-04-01 08:49:25 | ID 3 | mistenkelig | x=68.5994 y=-15.0325 | hastighet=5.37602
2025-04-01 08:49:26 | ID 1 | mistenkelig | x=90.8309 y=-16.6719 | hastighet=5.05044
2025-04-01 08:49:26 | ID 3 | mistenkelig | x=68.8738 y=-20.4015 | hastighet=5.37602
2025-04-01 08:49:27 | ID 1 | mistenkelig | x=93.8382 y=-20.7294 | hastighet=5.05044
2025-04-01 08:49:27 | ID 3 | mistenkelig | x=69.1483 y=-25.7705 | hastighet=5.37602
2025-04-01 08:49:28 | ID 1 | mistenkelig | x=96.8455 y=-24.7869 | hastighet=5.05044
2025-04-01 08:49:28 | ID 3 | mistenkelig | x=69.4227 y=-31.1395 | hastighet=5.37602
2025-04-01 08:49:29 | ID 1 | mistenkelig | x=99.8528 y=-28.8443 | hastighet=5.05044
2025-04-01 08:49:29 | ID 3 | mistenkelig | x=69.6971 y=-36.5085 | hastighet=5.37602
2025-04-01 08:49:30 | ID 1 | mistenkelig | x=102.86 y=-32.9018 | hastighet=5.05044
2025-04-01 08:49:30 | ID 3 | mistenkelig | x=69.9716 y=-41.8775 | hastighet=5.37602
2025-04-01 08:49:31 | ID 1 | mistenkelig | x=105.867 y=-36.9593 | hastighet=5.05044
2025-04-01 08:49:31 | ID 3 | mistenkelig | x=70.246 y=-47.2466 | hastighet=5.37602
2025-04-01 08:49:32 | ID 1 | mistenkelig | x=108.875 y=-41.0168 | hastighet=5.05044
2025-04-01 08:49:32 | ID 3 | mistenkelig | x=70.5204 y=-52.6156 | hastighet=5.37602
2025-04-01 08:49:33 | ID 1 | mistenkelig | x=111.882 y=-45.0742 | hastighet=5.05044
2025-04-01 08:49:33 | ID 3 | mistenkelig | x=70.7948 y=-57.9846 | hastighet=5.37602
2025-04-01 08:49:34 | ID 1 | mistenkelig | x=114.889 y=-49.1317 | hastighet=5.05044
2025-04-01 08:49:34 | ID 3 | mistenkelig | x=71.0693 y=-63.3536 | hastighet=5.37602
2025-04-01 08:49:35 | ID 1 | mistenkelig | x=117.896 y=-53.1892 | hastighet=5.05044
2025-04-01 08:49:35 | ID 3 | mistenkelig | x=71.3437 y=-68.7226 | hastighet=5.37602
2025-04-01 08:49:36 | ID 1 | mistenkelig | x=120.904 y=-57.2467 | hastighet=5.05044
2025-04-01 08:49:36 | ID 3 | mistenkelig | x=71.6181 y=-74.0916 | hastighet=5.37602
2025-04-01 08:49:37 | ID 1 | mistenkelig | x=123.911 y=-61.3041 | hastighet=5.05044
2025-04-01 08:49:37 | ID 3 | mistenkelig | x=71.8926 y=-79.4606 | hastighet=5.37602
2025-04-01 08:49:38 | ID 1 | mistenkelig | x=126.918 y=-65.3616 | hastighet=5.05044
2025-04-01 08:49:38 | ID 3 | mistenkelig | x=72.167 y=-84.8297 | hastighet=5.37602
2025-04-01 08:51:40 | ID 2 | mistenkelig | x=15.5028 y=-47.1473 | hastighet=4.69246 | vinkelMotBase=179.296°
2025-04-01 08:51:40 | ID 3 | mistenkelig | x=38.6317 y=3.25863 | hastighet=4.85562 | vinkelMotBase=36.5696°
2025-04-01 08:51:40 | ID 4 | mistenkelig | x=25.5283 y=66.2532 | hastighet=5.23354 | vinkelMotBase=158.827°
2025-04-01 08:51:41 | ID 2 | mistenkelig | x=16.9137 y=-51.6226 | hastighet=4.69246 | vinkelMotBase=179.356°
2025-04-01 08:51:41 | ID 3 | mistenkelig | x=34.989 y=0.0481151 | hastighet=4.85562 | vinkelMotBase=41.3123°
2025-04-01 08:51:41 | ID 4 | mistenkelig | x=29.0469 y=70.1275 | hastighet=5.23354 | vinkelMotBase=160.254°
2025-04-01 08:51:42 | ID 2 | mistenkelig | x=18.3245 y=-56.098 | hastighet=4.69246 | vinkelMotBase=179.408°
2025-04-01 08:51:42 | ID 3 | mistenkelig | x=31.3462 y=-3.1624 | hastighet=4.85562 | vinkelMotBase=47.152°
2025-04-01 08:51:42 | ID 4 | mistenkelig | x=32.5654 y=74.0017 | hastighet=5.23354 | vinkelMotBase=161.507°
2025-04-01 08:51:43 | ID 2 | mistenkelig | x=19.7353 y=-60.5733 | hastighet=4.69246 | vinkelMotBase=179.451°
2025-04-01 08:51:43 | ID 3 | mistenkelig | x=27.7035 y=-6.37292 | hastighet=4.85562 | vinkelMotBase=54.3461°
2025-04-01 08:51:43 | ID 4 | mistenkelig | x=36.084 y=77.8759 | hastighet=5.23354 | vinkelMotBase=162.615°
2025-04-01 08:51:44 | ID 2 | mistenkelig | x=21.1462 y=-65.0487 | hastighet=4.69246 | vinkelMotBase=179.489°
2025-04-01 08:51:44 | ID 3 | mistenkelig | x=24.0607 y=-9.58344 | hastighet=4.85562 | vinkelMotBase=63.1086°
2025-04-01 08:51:44 | ID 4 | mistenkelig | x=39.6025 y=81.7502 | hastighet=5.23354 | vinkelMotBase=163.602°
2025-04-01 08:51:45 | ID 2 | mistenkelig | x=22.557 y=-69.524 | hastighet=4.69246 | vinkelMotBase=179.522°
2025-04-01 08:51:45 | ID 3 | mistenkelig | x=20.418 y=-12.794 | hastighet=4.85562 | vinkelMotBase=73.4625°
2025-04-01 08:51:45 | ID 4 | mistenkelig | x=43.1211 y=85.6244 | hastighet=5.23354 | vinkelMotBase=164.485°
2025-04-01 08:51:46 | ID 2 | mistenkelig | x=23.9679 y=-73.9994 | hastighet=4.69246 | vinkelMotBase=179.551°
2025-04-01 08:51:46 | ID 3 | mistenkelig | x=16.7752 y=-16.0045 | hastighet=4.85562 | vinkelMotBase=85.0442°
2025-04-01 08:51:46 | ID 4 | mistenkelig | x=46.6396 y=89.4987 | hastighet=5.23354 | vinkelMotBase=165.279°
2025-04-01 08:51:47 | ID 2 | mistenkelig | x=25.3787 y=-78.4747 | hastighet=4.69246 | vinkelMotBase=179.576°
2025-04-01 08:51:47 | ID 3 | mistenkelig | x=13.1325 y=-19.215 | hastighet=4.85562 | vinkelMotBase=97.0405°
2025-04-01 08:51:47 | ID 4 | mistenkelig | x=50.1582 y=93.3729 | hastighet=5.23354 | vinkelMotBase=165.998°
2025-04-01 08:51:48 | ID 2 | mistenkelig | x=26.7895 y=-82.9501 | hastighet=4.69246 | vinkelMotBase=179.599°
2025-04-01 08:51:48 | ID 3 | mistenkelig | x=9.4897 y=-22.4255 | hastighet=4.85562 | vinkelMotBase=108.455°
2025-04-01 08:51:48 | ID 4 | mistenkelig | x=53.6767 y=97.2472 | hastighet=5.23354 | vinkelMotBase=166.652°
2025-04-01 08:51:49 | ID 2 | mistenkelig | x=28.2004 y=-87.4254 | hastighet=4.69246 | vinkelMotBase=179.619°
2025-04-01 08:51:49 | ID 3 | mistenkelig | x=5.84695 y=-25.636 | hastighet=4.85562 | vinkelMotBase=118.543°
2025-04-01 08:51:49 | ID 4 | mistenkelig | x=57.1953 y=101.121 | hastighet=5.23354 | vinkelMotBase=167.247°
2025-04-01 08:51:50 | ID 2 | mistenkelig | x=29.6112 y=-91.9008 | hastighet=4.69246 | vinkelMotBase=179.638°
2025-04-01 08:51:50 | ID 3 | mistenkelig | x=2.20419 y=-28.8465 | hastighet=4.85562 | vinkelMotBase=127.022°
2025-04-01 08:51:50 | ID 4 | mistenkelig | x=60.7138 y=104.996 | hastighet=5.23354 | vinkelMotBase=167.793°
2025-04-01 08:51:51 | ID 2 | mistenkelig | x=31.0221 y=-96.3761 | hastighet=4.69246 | vinkelMotBase=179.655°
2025-04-01 08:51:51 | ID 3 | mistenkelig | x=-1.43856 y=-32.0571 | hastighet=4.85562 | vinkelMotBase=133.961°
2025-04-01 08:51:51 | ID 4 | mistenkelig | x=64.2324 y=108.87 | hastighet=5.23354 | vinkelMotBase=168.295°
2025-04-01 08:51:52 | ID 2 | mistenkelig | x=32.4329 y=-100.851 | hastighet=4.69246 | vinkelMotBase=179.67°
2025-04-01 08:51:52 | ID 3 | mistenkelig | x=-5.08131 y=-35.2676 | hastighet=4.85562 | vinkelMotBase=139.59°
2025-04-01 08:51:52 | ID 4 | mistenkelig | x=67.7509 y=112.744 | hastighet=5.23354 | vinkelMotBase=168.757°
2025-04-01 08:51:53 | ID 2 | mistenkelig | x=33.8437 y=-105.327 | hastighet=4.69246 | vinkelMotBase=179.684°
2025-04-01 08:51:53 | ID 3 | mistenkelig | x=-8.72407 y=-38.4781 | hastighet=4.85562 | vinkelMotBase=144.166°
2025-04-01 08:51:53 | ID 4 | mistenkelig | x=71.2695 y=116.618 | hastighet=5.23354 | vinkelMotBase=169.185°
2025-04-01 08:51:54 | ID 2 | mistenkelig | x=35.2546 y=-109.802 | hastighet=4.69246 | vinkelMotBase=179.697°
2025-04-01 08:51:54 | ID 3 | mistenkelig | x=-12.3668 y=-41.6886 | hastighet=4.85562 | vinkelMotBase=147.914°
2025-04-01 08:51:54 | ID 4 | mistenkelig | x=74.788 y=120.493 | hastighet=5.23354 | vinkelMotBase=169.582°
2025-04-01 08:51:55 | ID 2 | mistenkelig | x=36.6654 y=-114.278 | hastighet=4.69246 | vinkelMotBase=179.709°
2025-04-01 08:51:55 | ID 3 | mistenkelig | x=-16.0096 y=-44.8991 | hastighet=4.85562 | vinkelMotBase=151.016°
2025-04-01 08:51:55 | ID 4 | mistenkelig | x=78.3066 y=124.367 | hastighet=5.23354 | vinkelMotBase=169.951°
2025-04-01 08:51:56 | ID 2 | mistenkelig | x=38.0763 y=-118.753 | hastighet=4.69246 | vinkelMotBase=179.72°
2025-04-01 08:51:56 | ID 3 | mistenkelig | x=-19.6523 y=-48.1096 | hastighet=4.85562 | vinkelMotBase=153.611°
2025-04-01 08:51:56 | ID 4 | mistenkelig | x=81.8252 y=128.241 | hastighet=5.23354 | vinkelMotBase=170.295°
2025-04-01 08:51:57 | ID 2 | mistenkelig | x=39.4871 y=-123.228 | hastighet=4.69246 | vinkelMotBase=179.73°
2025-04-01 08:51:57 | ID 3 | mistenkelig | x=-23.2951 y=-51.3202 | hastighet=4.85562 | vinkelMotBase=155.805°
2025-04-01 08:51:57 | ID 4 | mistenkelig | x=85.3437 y=132.115 | hastighet=5.23354 | vinkelMotBase=170.616°
2025-04-01 08:51:58 | ID 2 | mistenkelig | x=40.8979 y=-127.704 | hastighet=4.69246 | vinkelMotBase=179.739°
2025-04-01 08:51:58 | ID 3 | mistenkelig | x=-26.9378 y=-54.5307 | hastighet=4.85562 | vinkelMotBase=157.68°
2025-04-01 08:51:58 | ID 4 | mistenkelig | x=88.8623 y=135.99 | hastighet=5.23354 | vinkelMotBase=170.917°
2025-04-01 08:51:59 | ID 2 | mistenkelig | x=42.3088 y=-132.179 | hastighet=4.69246 | vinkelMotBase=179.748°
2025-04-01 08:51:59 | ID 3 | mistenkelig | x=-30.5806 y=-57.7412 | hastighet=4.85562 | vinkelMotBase=159.297°
2025-04-01 08:51:59 | ID 4 | mistenkelig | x=92.3808 y=139.864 | hastighet=5.23354 | vinkelMotBase=171.2°
2025-04-01 08:52:00 | ID 2 | mistenkelig | x=43.7196 y=-136.654 | hastighet=4.69246 | vinkelMotBase=179.756°
2025-04-01 08:52:00 | ID 3 | mistenkelig | x=-34.2233 y=-60.9517 | hastighet=4.85562 | vinkelMotBase=160.705°
2025-04-01 08:52:00 | ID 4 | mistenkelig | x=95.8994 y=143.738 | hastighet=5.23354 | vinkelMotBase=171.465°
2025-04-01 08:52:01 | ID 2 | mistenkelig | x=45.1304 y=-141.13 | hastighet=4.69246 | vinkelMotBase=179.764°
2025-04-01 08:52:01 | ID 3 | mistenkelig | x=-37.8661 y=-64.1622 | hastighet=4.85562 | vinkelMotBase=161.939°
2025-04-01 08:52:01 | ID 4 | mistenkelig | x=99.4179 y=147.612 | hastighet=5.23354 | vinkelMotBase=171.715°
2025-04-01 08:52:02 | ID 2 | mistenkelig | x=46.5413 y=-145.605 | hastighet=4.69246 | vinkelMotBase=179.771°
2025-04-01 08:52:02 | ID 3 | mistenkelig | x=-41.5088 y=-67.3727 | hastighet=4.85562 | vinkelMotBase=163.029°
2025-04-01 08:52:02 | ID 4 | mistenkelig | x=102.936 y=151.487 | hastighet=5.23354 | vinkelMotBase=171.951°
2025-04-01 08:52:03 | ID 2 | mistenkelig | x=47.9521 y=-150.08 | hastighet=4.69246 | vinkelMotBase=179.778°
2025-04-01 08:52:03 | ID 3 | mistenkelig | x=-45.1516 y=-70.5833 | hastighet=4.85562 | vinkelMotBase=163.998°
2025-04-01 08:52:03 | ID 4 | mistenkelig | x=106.455 y=155.361 | hastighet=5.23354 | vinkelMotBase=172.174°
2025-04-01 08:52:04 | ID 2 | mistenkelig | x=49.363 y=-154.556 | hastighet=4.69246 | vinkelMotBase=179.785°
2025-04-01 08:52:04 | ID 3 | mistenkelig | x=-48.7944 y=-73.7938 | hastighet=4.85562 | vinkelMotBase=164.865°
2025-04-01 08:52:04 | ID 4 | mistenkelig | x=109.974 y=159.235 | hastighet=5.23354 | vinkelMotBase=172.385°
2025-04-01 08:52:05 | ID 2 | mistenkelig | x=50.7738 y=-159.031 | hastighet=4.69246 | vinkelMotBase=179.791°
2025-04-01 08:52:05 | ID 3 | mistenkelig | x=-52.4371 y=-77.0043 | hastighet=4.85562 | vinkelMotBase=165.645°
2025-04-01 08:52:05 | ID 4 | mistenkelig | x=113.492 y=163.109 | hastighet=5.23354 | vinkelMotBase=172.585°
2025-04-01 08:52:06 | ID 2 | mistenkelig | x=52.1846 y=-163.506 | hastighet=4.69246 | vinkelMotBase=179.796°
2025-04-01 08:52:06 | ID 3 | mistenkelig | x=-56.0799 y=-80.2148 | hastighet=4.85562 | vinkelMotBase=166.349°
2025-04-01 08:52:06 | ID 4 | mistenkelig | x=117.011 y=166.983 | hastighet=5.23354 | vinkelMotBase=172.775°
2025-04-01 08:52:07 | ID 2 | mistenkelig | x=53.5955 y=-167.982 | hastighet=4.69246 | vinkelMotBase=179.802°
2025-04-01 08:52:07 | ID 3 | mistenkelig | x=-59.7226 y=-83.4253 | hastighet=4.85562 | vinkelMotBase=166.989°
2025-04-01 08:52:07 | ID 4 | mistenkelig | x=120.529 y=170.858 | hastighet=5.23354 | vinkelMotBase=172.955°
2025-04-01 08:52:08 | ID 2 | mistenkelig | x=55.0063 y=-172.457 | hastighet=4.69246 | vinkelMotBase=179.807°
2025-04-01 08:52:08 | ID 3 | mistenkelig | x=-63.3654 y=-86.6358 | hastighet=4.85562 | vinkelMotBase=167.573°
2025-04-01 08:52:08 | ID 4 | mistenkelig | x=124.048 y=174.732 | hastighet=5.23354 | vinkelMotBase=173.127°
2025-04-01 08:52:09 | ID 2 | mistenkelig | x=56.4172 y=-176.932 | hastighet=4.69246 | vinkelMotBase=179.812°
2025-04-01 08:52:09 | ID 3 | mistenkelig | x=-67.0081 y=-89.8464 | hastighet=4.85562 | vinkelMotBase=168.107°
2025-04-01 08:52:09 | ID 4 | mistenkelig | x=127.566 y=178.606 | hastighet=5.23354 | vinkelMotBase=173.29°
2025-04-01 09:21:05 | ID 1 | mistenkelig | x=56.7131 y=48.849 | hastighet=4.66087 | vinkelMotBase=72.7708°
2025-04-01 09:21:05 | ID 2 | mistenkelig | x=61.3559 y=87.8856 | hastighet=5.30215 | vinkelMotBase=46.104°
2025-04-01 09:21:05 | ID 3 | mistenkelig | x=-45.1744 y=-75.2173 | hastighet=5.923 | vinkelMotBase=139.053°
2025-04-01 09:21:06 | ID 1 | mistenkelig | x=58.5723 y=44.575 | hastighet=4.66087 | vinkelMotBase=76.2383°
2025-04-01 09:21:06 | ID 2 | mistenkelig | x=62.3843 y=82.6841 | hastighet=5.30215 | vinkelMotBase=48.218°
2025-04-01 09:21:06 | ID 3 | mistenkelig | x=-50.8055 y=-77.0539 | hastighet=5.923 | vinkelMotBase=141.463°
2025-04-01 09:21:07 | ID 1 | mistenkelig | x=60.4316 y=40.3011 | hastighet=4.66087 | vinkelMotBase=79.8115°
2025-04-01 09:21:07 | ID 2 | mistenkelig | x=63.4127 y=77.4827 | hastighet=5.30215 | vinkelMotBase=50.4811°
2025-04-01 09:21:07 | ID 3 | mistenkelig | x=-56.4365 y=-78.8905 | hastighet=5.923 | vinkelMotBase=143.643°
2025-04-01 09:21:08 | ID 1 | mistenkelig | x=62.2909 y=36.0271 | hastighet=4.66087 | vinkelMotBase=83.4666°
2025-04-01 09:21:08 | ID 2 | mistenkelig | x=64.4411 y=72.2812 | hastighet=5.30215 | vinkelMotBase=52.9018°
2025-04-01 09:21:08 | ID 3 | mistenkelig | x=-62.0676 y=-80.7271 | hastighet=5.923 | vinkelMotBase=145.619°
2025-04-01 09:21:09 | ID 1 | mistenkelig | x=64.1502 y=31.7532 | hastighet=4.66087 | vinkelMotBase=87.1758°
2025-04-01 09:21:09 | ID 2 | mistenkelig | x=65.4695 y=67.0798 | hastighet=5.30215 | vinkelMotBase=55.4878°
2025-04-01 09:21:09 | ID 3 | mistenkelig | x=-67.6986 y=-82.5637 | hastighet=5.923 | vinkelMotBase=147.414°
2025-04-01 09:21:10 | ID 1 | mistenkelig | x=66.0095 y=27.4792 | hastighet=4.66087 | vinkelMotBase=90.9088°
2025-04-01 09:21:10 | ID 2 | mistenkelig | x=66.4979 y=61.8783 | hastighet=5.30215 | vinkelMotBase=58.2447°
2025-04-01 09:21:10 | ID 3 | mistenkelig | x=-73.3297 y=-84.4003 | hastighet=5.923 | vinkelMotBase=149.049°
2025-04-01 09:21:11 | ID 1 | mistenkelig | x=67.8688 y=23.2052 | hastighet=4.66087 | vinkelMotBase=94.6341°
2025-04-01 09:21:11 | ID 2 | mistenkelig | x=67.5263 y=56.6768 | hastighet=5.30215 | vinkelMotBase=61.176°
2025-04-01 09:21:11 | ID 3 | mistenkelig | x=-78.9607 y=-86.2369 | hastighet=5.923 | vinkelMotBase=150.542°
2025-04-01 09:21:12 | ID 1 | mistenkelig | x=69.7281 y=18.9313 | hastighet=4.66087 | vinkelMotBase=98.3206°
2025-04-01 09:21:12 | ID 2 | mistenkelig | x=68.5546 y=51.4754 | hastighet=5.30215 | vinkelMotBase=64.2821°
2025-04-01 09:21:12 | ID 3 | mistenkelig | x=-84.5918 y=-88.0736 | hastighet=5.923 | vinkelMotBase=151.909°
2025-04-01 09:21:13 | ID 1 | mistenkelig | x=71.5874 y=14.6573 | hastighet=4.66087 | vinkelMotBase=101.939°
2025-04-01 09:21:13 | ID 2 | mistenkelig | x=69.583 y=46.2739 | hastighet=5.30215 | vinkelMotBase=67.5592°
2025-04-01 09:21:13 | ID 3 | mistenkelig | x=-90.2229 y=-89.9102 | hastighet=5.923 | vinkelMotBase=153.164°
2025-04-01 09:21:14 | ID 1 | mistenkelig | x=73.4467 y=10.3833 | hastighet=4.66087 | vinkelMotBase=105.464°
2025-04-01 09:21:14 | ID 2 | mistenkelig | x=70.6114 y=41.0725 | hastighet=5.30215 | vinkelMotBase=70.9986°
2025-04-01 09:21:14 | ID 3 | mistenkelig | x=-95.8539 y=-91.7468 | hastighet=5.923 | vinkelMotBase=154.318°
2025-04-01 09:21:15 | ID 1 | mistenkelig | x=75.3059 y=6.10936 | hastighet=4.66087 | vinkelMotBase=108.872°
2025-04-01 09:21:15 | ID 2 | mistenkelig | x=71.6398 y=35.871 | hastighet=5.30215 | vinkelMotBase=74.5861°
2025-04-01 09:21:15 | ID 3 | mistenkelig | x=-101.485 y=-93.5834 | hastighet=5.923 | vinkelMotBase=155.384°
2025-04-01 09:21:16 | ID 1 | mistenkelig | x=77.1652 y=1.8354 | hastighet=4.66087 | vinkelMotBase=112.148°
2025-04-01 09:21:16 | ID 2 | mistenkelig | x=72.6682 y=30.6695 | hastighet=5.30215 | vinkelMotBase=78.3017°
2025-04-01 09:21:16 | ID 3 | mistenkelig | x=-107.116 y=-95.42 | hastighet=5.923 | vinkelMotBase=156.369°
2025-04-01 09:21:17 | ID 1 | mistenkelig | x=79.0245 y=-2.43857 | hastighet=4.66087 | vinkelMotBase=115.278°
2025-04-01 09:21:17 | ID 2 | mistenkelig | x=73.6966 y=25.4681 | hastighet=5.30215 | vinkelMotBase=82.1197°
2025-04-01 09:21:17 | ID 3 | mistenkelig | x=-112.747 y=-97.2566 | hastighet=5.923 | vinkelMotBase=157.283°
2025-04-01 09:21:18 | ID 1 | mistenkelig | x=80.8838 y=-6.71253 | hastighet=4.66087 | vinkelMotBase=118.254°
2025-04-01 09:21:18 | ID 2 | mistenkelig | x=74.725 y=20.2666 | hastighet=5.30215 | vinkelMotBase=86.0093°
2025-04-01 09:21:18 | ID 3 | mistenkelig | x=-118.378 y=-99.0932 | hastighet=5.923 | vinkelMotBase=158.132°
2025-04-01 09:21:19 | ID 1 | mistenkelig | x=82.7431 y=-10.9865 | hastighet=4.66087 | vinkelMotBase=121.074°
2025-04-01 09:21:19 | ID 2 | mistenkelig | x=75.7534 y=15.0651 | hastighet=5.30215 | vinkelMotBase=89.9361°
2025-04-01 09:21:19 | ID 3 | mistenkelig | x=-124.009 y=-100.93 | hastighet=5.923 | vinkelMotBase=158.922°
2025-04-01 09:21:20 | ID 1 | mistenkelig | x=84.6024 y=-15.2605 | hastighet=4.66087 | vinkelMotBase=123.735°
2025-04-01 09:21:20 | ID 2 | mistenkelig | x=76.7818 y=9.86369 | hastighet=5.30215 | vinkelMotBase=93.8634°
2025-04-01 09:21:20 | ID 3 | mistenkelig | x=-129.64 y=-102.766 | hastighet=5.923 | vinkelMotBase=159.66°
2025-04-01 09:21:21 | ID 1 | mistenkelig | x=86.4617 y=-19.5344 | hastighet=4.66087 | vinkelMotBase=126.242°
2025-04-01 09:21:21 | ID 2 | mistenkelig | x=77.8101 y=4.66222 | hastighet=5.30215 | vinkelMotBase=97.7548°
2025-04-01 09:21:21 | ID 3 | mistenkelig | x=-135.271 y=-104.603 | hastighet=5.923 | vinkelMotBase=160.35°
2025-04-01 09:21:22 | ID 1 | mistenkelig | x=88.321 y=-23.8084 | hastighet=4.66087 | vinkelMotBase=128.597°
2025-04-01 09:21:22 | ID 2 | mistenkelig | x=78.8385 y=-0.539238 | hastighet=5.30215 | vinkelMotBase=101.576°
2025-04-01 09:21:22 | ID 3 | mistenkelig | x=-140.902 y=-106.44 | hastighet=5.923 | vinkelMotBase=160.996°
2025-04-01 09:21:23 | ID 1 | mistenkelig | x=90.1803 y=-28.0824 | hastighet=4.66087 | vinkelMotBase=130.807°
2025-04-01 09:21:23 | ID 2 | mistenkelig | x=79.8669 y=-5.7407 | hastighet=5.30215 | vinkelMotBase=105.295°
2025-04-01 09:21:23 | ID 3 | mistenkelig | x=-146.533 y=-108.276 | hastighet=5.923 | vinkelMotBase=161.603°
2025-04-01 09:21:24 | ID 1 | mistenkelig | x=92.0395 y=-32.3563 | hastighet=4.66087 | vinkelMotBase=132.879°
2025-04-01 09:21:24 | ID 2 | mistenkelig | x=80.8953 y=-10.9422 | hastighet=5.30215 | vinkelMotBase=108.887°
2025-04-01 09:21:24 | ID 3 | mistenkelig | x=-152.164 y=-110.113 | hastighet=5.923 | vinkelMotBase=162.173°
2025-04-01 09:21:25 | ID 1 | mistenkelig | x=93.8988 y=-36.6303 | hastighet=4.66087 | vinkelMotBase=134.821°
2025-04-01 09:21:25 | ID 2 | mistenkelig | x=81.9237 y=-16.1436 | hastighet=5.30215 | vinkelMotBase=112.331°
2025-04-01 09:21:25 | ID 3 | mistenkelig | x=-157.795 y=-111.95 | hastighet=5.923 | vinkelMotBase=162.71°
2025-04-01 09:21:26 | ID 1 | mistenkelig | x=95.7581 y=-40.9043 | hastighet=4.66087 | vinkelMotBase=136.641°
2025-04-01 09:21:26 | ID 2 | mistenkelig | x=82.9521 y=-21.3451 | hastighet=5.30215 | vinkelMotBase=115.614°
2025-04-01 09:21:26 | ID 3 | mistenkelig | x=-163.427 y=-113.786 | hastighet=5.923 | vinkelMotBase=163.216°
2025-04-01 09:21:27 | ID 1 | mistenkelig | x=97.6174 y=-45.1782 | hastighet=4.66087 | vinkelMotBase=138.345°
2025-04-01 09:21:27 | ID 2 | mistenkelig | x=83.9805 y=-26.5465 | hastighet=5.30215 | vinkelMotBase=118.726°
2025-04-01 09:21:27 | ID 3 | mistenkelig | x=-169.058 y=-115.623 | hastighet=5.923 | vinkelMotBase=163.695°
2025-04-01 09:21:28 | ID 1 | mistenkelig | x=99.4767 y=-49.4522 | hastighet=4.66087 | vinkelMotBase=139.943°
2025-04-01 09:21:28 | ID 2 | mistenkelig | x=85.0089 y=-31.748 | hastighet=5.30215 | vinkelMotBase=121.663°
2025-04-01 09:21:28 | ID 3 | mistenkelig | x=-174.689 y=-117.459 | hastighet=5.923 | vinkelMotBase=164.148°
2025-04-01 09:21:29 | ID 1 | mistenkelig | x=101.336 y=-53.7261 | hastighet=4.66087 | vinkelMotBase=141.442°
2025-04-01 09:21:29 | ID 2 | mistenkelig | x=86.0372 y=-36.9495 | hastighet=5.30215 | vinkelMotBase=124.425°
2025-04-01 09:21:29 | ID 3 | mistenkelig | x=-180.32 y=-119.296 | hastighet=5.923 | vinkelMotBase=164.576°
2025-04-01 09:21:30 | ID 1 | mistenkelig | x=103.195 y=-58.0001 | hastighet=4.66087 | vinkelMotBase=142.848°
2025-04-01 09:21:30 | ID 2 | mistenkelig | x=87.0656 y=-42.1509 | hastighet=5.30215 | vinkelMotBase=127.017°
2025-04-01 09:21:30 | ID 3 | mistenkelig | x=-185.951 y=-121.133 | hastighet=5.923 | vinkelMotBase=164.983°
2025-04-01 09:21:31 | ID 1 | mistenkelig | x=105.055 y=-62.2741 | hastighet=4.66087 | vinkelMotBase=144.169°
2025-04-01 09:21:31 | ID 2 | mistenkelig | x=88.094 y=-47.3524 | hastighet=5.30215 | vinkelMotBase=129.443°
2025-04-01 09:21:31 | ID 3 | mistenkelig | x=-191.582 y=-122.969 | hastighet=5.923 | vinkelMotBase=165.369°
2025-04-01 09:21:32 | ID 1 | mistenkelig | x=106.914 y=-66.548 | hastighet=4.66087 | vinkelMotBase=145.41°
2025-04-01 09:21:32 | ID 2 | mistenkelig | x=89.1224 y=-52.5539 | hastighet=5.30215 | vinkelMotBase=131.711°
2025-04-01 09:21:32 | ID 3 | mistenkelig | x=-197.213 y=-124.806 | hastighet=5.923 | vinkelMotBase=165.737°
2025-04-01 09:21:33 | ID 1 | mistenkelig | x=108.773 y=-70.822 | hastighet=4.66087 | vinkelMotBase=146.578°
2025-04-01 09:21:33 | ID 2 | mistenkelig | x=90.1508 y=-57.7553 | hastighet=5.30215 | vinkelMotBase=133.83°
2025-04-01 09:21:33 | ID 3 | mistenkelig | x=-202.844 y=-126.642 | hastighet=5.923 | vinkelMotBase=166.086°
2025-04-01 09:21:34 | ID 1 | mistenkelig | x=110.632 y=-75.096 | hastighet=4.66087 | vinkelMotBase=147.679°
2025-04-01 09:21:34 | ID 2 | mistenkelig | x=91.1792 y=-62.9568 | hastighet=5.30215 | vinkelMotBase=135.808°
2025-04-01 09:21:34 | ID 3 | mistenkelig | x=-208.475 y=-128.479 | hastighet=5.923 | vinkelMotBase=166.419°
